[0816/195456.323:INFO:CONSOLE(114)] "Event handler of 'x-storagemutated-1' event must be added on the initial evaluation of worker script.", source: https://static.whatsapp.net/rsrc.php/v4/y6/r/UmerbEEMLhN.js (114)
[0816/195456.512:INFO:CONSOLE(0)] "Error with Permissions-Policy header: Feature xr-spatial-tracking's parameters are ignored.", source:  (0)
[0816/195456.512:INFO:CONSOLE(0)] "Error with Permissions-Policy header: Origin trial controlled feature not enabled: 'attribution-reporting'.", source:  (0)
[0816/195456.512:INFO:CONSOLE(0)] "Error with Permissions-Policy header: Unrecognized feature: 'compute-pressure'.", source:  (0)
[0816/195456.512:INFO:CONSOLE(0)] "Error with Permissions-Policy header: Origin trial controlled feature not enabled: 'interest-cohort'.", source:  (0)
[0816/195456.512:INFO:CONSOLE(0)] "Error with Permissions-Policy header: Unrecognized feature: 'private-state-token-issuance'.", source:  (0)
[0816/195456.512:INFO:CONSOLE(0)] "Error with Permissions-Policy header: Origin trial controlled feature not enabled: 'shared-storage'.", source:  (0)
[0816/195456.512:INFO:CONSOLE(0)] "Error with Permissions-Policy header: Unrecognized feature: 'shared-storage-select-url'.", source:  (0)
[0816/195456.512:INFO:CONSOLE(0)] "Error with Permissions-Policy header: Unrecognized feature: 'private-state-token-redemption'.", source:  (0)
[0816/195456.512:INFO:CONSOLE(0)] "Error with Permissions-Policy header: Unrecognized feature: 'unload'.", source:  (0)
[0816/195456.514:INFO:CONSOLE(0)] "Error with Permissions-Policy header: Unrecognized feature: 'window-management'.", source:  (0)
[0816/195456.514:INFO:CONSOLE(0)] "Document-Policy HTTP header: Unrecognized document policy feature name include-js-call-stacks-in-crash-reports.", source: https://web.whatsapp.com/ (0)
[0816/195457.921:INFO:CONSOLE(114)] "Event handler of 'x-storagemutated-1' event must be added on the initial evaluation of worker script.", source: https://static.whatsapp.net/rsrc.php/v4/y6/r/UmerbEEMLhN.js (114)
[0816/195516.007:INFO:CONSOLE(28)] "Uncaught (in promise) [object Object]", source: pptr://__puppeteer_evaluation_script__ (28)
[0816/195639.119:INFO:CONSOLE(114)] "Event handler of 'x-storagemutated-1' event must be added on the initial evaluation of worker script.", source: https://static.whatsapp.net/rsrc.php/v4/y6/r/UmerbEEMLhN.js (114)
[0816/195740.858:INFO:CONSOLE(114)] "Event handler of 'x-storagemutated-1' event must be added on the initial evaluation of worker script.", source: https://static.whatsapp.net/rsrc.php/v4/y6/r/UmerbEEMLhN.js (114)
[0816/195835.069:INFO:CONSOLE(114)] "Event handler of 'x-storagemutated-1' event must be added on the initial evaluation of worker script.", source: https://static.whatsapp.net/rsrc.php/v4/y6/r/UmerbEEMLhN.js (114)
[0816/195929.873:INFO:CONSOLE(114)] "Event handler of 'x-storagemutated-1' event must be added on the initial evaluation of worker script.", source: https://static.whatsapp.net/rsrc.php/v4/y6/r/UmerbEEMLhN.js (114)
[0816/200001.307:INFO:CONSOLE(114)] "Event handler of 'x-storagemutated-1' event must be added on the initial evaluation of worker script.", source: https://static.whatsapp.net/rsrc.php/v4/y6/r/UmerbEEMLhN.js (114)
[0816/200002.630:INFO:CONSOLE(898)] "Failed to parse video contentType: video/mp4; codecs=avc1.42000a", source: https://static.whatsapp.net/rsrc.php/v4iHzy4/yc/l/pt_BR-j/Wqa5Zcsp1Qj.js (898)
[0816/200002.630:INFO:CONSOLE(898)] "Failed to parse video contentType: video/mp4; codecs=hev1.1.6.L93.B0", source: https://static.whatsapp.net/rsrc.php/v4iHzy4/yc/l/pt_BR-j/Wqa5Zcsp1Qj.js (898)
[0816/200057.535:INFO:CONSOLE(114)] "Event handler of 'x-storagemutated-1' event must be added on the initial evaluation of worker script.", source: https://static.whatsapp.net/rsrc.php/v4/y6/r/UmerbEEMLhN.js (114)
